0 info it worked if it ends with ok
1 verbose cli [ '/usr/local/Cellar/node/9.4.0/bin/node',
1 verbose cli   '/usr/local/bin/npm',
1 verbose cli   'publish' ]
2 info using npm@3.8.6
3 info using node@v6.0.0
4 verbose publish [ '.' ]
5 silly cache add args [ '.', null ]
6 verbose cache add spec .
7 silly cache add parsed spec Result {
7 silly cache add   raw: '.',
7 silly cache add   scope: null,
7 silly cache add   name: null,
7 silly cache add   rawSpec: '.',
7 silly cache add   spec: '/Users/yohaanyoon/classting/test/angular-rateit',
7 silly cache add   type: 'directory' }
8 verbose addLocalDirectory /Users/yohaanyoon/.npm/angular-rateit/4.0.2/package.tgz not in flight; packing
9 verbose correctMkdir /Users/yohaanyoon/.npm correctMkdir not in flight; initializing
10 info lifecycle angular-rateit@4.0.2~prepublish: angular-rateit@4.0.2
11 silly lifecycle angular-rateit@4.0.2~prepublish: no script for prepublish, continuing
12 verbose tar pack [ '/Users/yohaanyoon/.npm/angular-rateit/4.0.2/package.tgz',
12 verbose tar pack   '/Users/yohaanyoon/classting/test/angular-rateit' ]
13 verbose tarball /Users/yohaanyoon/.npm/angular-rateit/4.0.2/package.tgz
14 verbose folder /Users/yohaanyoon/classting/test/angular-rateit
15 verbose addLocalTarball adding from inside cache /Users/yohaanyoon/.npm/angular-rateit/4.0.2/package.tgz
16 verbose correctMkdir /Users/yohaanyoon/.npm correctMkdir not in flight; initializing
17 silly cache afterAdd angular-rateit@4.0.2
18 verbose afterAdd /Users/yohaanyoon/.npm/angular-rateit/4.0.2/package/package.json not in flight; writing
19 verbose correctMkdir /Users/yohaanyoon/.npm correctMkdir not in flight; initializing
20 verbose afterAdd /Users/yohaanyoon/.npm/angular-rateit/4.0.2/package/package.json written
21 silly publish { name: 'angular-rateit',
21 silly publish   version: '4.0.2',
21 silly publish   scripts: { build: 'grunt build', deploy: 'grunt deploy-patch' },
21 silly publish   repository:
21 silly publish    { type: 'git',
21 silly publish      url: 'git+https://github.com/akempes/angular-rateit.git' },
21 silly publish   devDependencies:
21 silly publish    { grunt: '^0.4.5',
21 silly publish      'grunt-cli': '^1.2.0',
21 silly publish      'grunt-contrib-clean': '^0.5.0',
21 silly publish      'grunt-contrib-copy': '^1.0.0',
21 silly publish      'grunt-contrib-cssmin': '^0.9.0',
21 silly publish      'grunt-contrib-uglify': '^0.4.0',
21 silly publish      'grunt-gh-pages': '^1.1.0',
21 silly publish      'grunt-image-embed': '^0.3.3',
21 silly publish      'grunt-jslint': '~1.1.12',
21 silly publish      'grunt-ng-annotate': '~0.7.0',
21 silly publish      'grunt-remove-logging': '~0.2.0',
21 silly publish      'grunt-replace': '^1.0.1',
21 silly publish      'grunt-version': '^1.1.1',
21 silly publish      'load-grunt-tasks': '^0.4.0' },
21 silly publish   engines: { node: '>=0.10.0' },
21 silly publish   main: 'dist/ng-rateit.js',
21 silly publish   readme: '# angular-rateit\n\nThis directive was inspired by the jQuery (star)rating plugin [RateIt](http://rateit.codeplex.com/).\nHowever this package will work without jQuery and is very light weight.\n\n![ng-rate-it](ng-rate-it.png?raw=true)\n\n[Live demo](http://akempes.github.io/angular-rateit/)\n\n## Getting Started\n\nYou can install an angular-rateit package easily using Bower:\n\n```shell\nbower install angular-rateit\n```\n\nAnd add the files to your index page:\n\n```html\n<link rel="stylesheet" href="angular-rateit/dist/ng-rateit.css" />\n<script src="angular-rateit/dist/ng-rateit.js"></script>\n```\n\nFinally add \'ngRateIt\' to your main module\'s list of dependencies:\n\n```js\nangular.module(\'myApp\', [\n\t...\n    \'ngRateIt\',\n    ...\n]);\n```\n\n## How to use\n\nTo get it working simply add this block of code to your view:\n\n```html\n<ng-rate-it ng-model="test.rateit"></ng-rate-it>\n```\n**N.B.** When using angular 1.2.* use `<div ng-rate-it ng-model="test.rateit"></div>`\n\nFor more advanced functionality you can add a couple attributes:\n\n```html\n<ng-rate-it \n\tng-model = "String, Number, Array"\n\tmin = "Double"\n\tmax = "Double"\n\tstep = "Double"\n\tread-only = "Boolean"\n\tpristine = "Boolean"\n\tresetable = "Boolean"\n\tstar-width = "Integer"\n\tstar-height = "Integer"\n\trated = "Function(rating)"\n\treset = "Function(rating)"\n\tbefore-rated = "Function(newRating): return promise"\n\tbefore-reset = "Function(rating): return promise"\n\t>\n</ng-rate-it>\n```\n\n### Attributes\n\n| Attribute | Description | Value | Default |\n|---|---|---|---|\n| ng-model     \t| Object bound to control. (Required) | String, Number, Array | - |\n| min          \t| Minimal value. | Double | 0 |\n| max          \t| Maximal value. The difference between min and max will provide the number of stars. | Double | 5 |\n| step         \t| Step size. | Double | 0.5 |\n| read-only    \t| Whether or not is readonly. | Boolean | false |\n| pristine     \t| Whether or not the current value is the initial value. | Boolean | true |\n| resetable    \t| When not readonly, whether to show the reset button. | Boolean | true |\n| star-width   \t| Width of the star picture. | Integer | 16 |\n| star-height  \t| Height of the star picture. | Integer | 16 |\n| cancel-width  | Width of the cancel icon. | Integer | star-width |\n| cancel-height | Height of the cancel icon. | Integer | star-height |\n| rated        \t| Fired when a rating happened. (Obtain the rated value by the model) | Function | - |\n| reset        \t| Fired when the reset button was clicked. | Function | - |\n| before-rated \t| Fired before the item is actually rated. By rejecting the promise it is possible to cancel the rating. | Function: return promise | - |\n| before-reset \t| Fired before the item is actually reset. By rejecting the promise it is possible to cancel the reset. | Function: return promise | - |\n\n\n### Customization\n\nYou can easily add your own star style via css. You can use the star-width and star-height attributes to make the \'stars\' bigger if necessary.\n\n```html\n<style>\n\t.custom.ngrateit .ngrateit-star{\n\t\tbackground-image: url(\'custom.png\');\n\t}\n</style>\n<ng-rate-it ng-model="model.custom" class="custom"></ng-rate-it>\n```\n\n### Release Note:\n\nV4.0.0\n\n* BREAKING: The callback function binding has changed form two-way to method binding. This will allow you to pass your own variables to the callback function AND the current rating is passed in the `rating` parameter:  \n```html\n<ng-rate-it ng-model="model.basic" rated="myCallback(rating, \'Your own var\')"></ng-rate-it>\n```\n```js\n$scope.myCallback = function (rating, cusotmVar) {\n\tconsole.log(rating, customVar);\n}\n```\nTo upgrade from v3 to v4, just add `()` after your function name.\n\n\nV3.0.0\n\n* BREAKING: The `over` callback is removed.\n* BREAKING: If you\'re using your own template, you need to update it.\n* Template and CSS file are refactored in order to support mobile divices.\n* Moved calculations from template to controller.',
21 silly publish   readmeFilename: 'README.md',
21 silly publish   gitHead: '70247d2d992c4e798d0880928dff5418ae899541',
21 silly publish   description: 'This directive was inspired by the jQuery (star)rating plugin [RateIt](http://rateit.codeplex.com/). However this package will work without jQuery and is very light weight.',
21 silly publish   bugs: { url: 'https://github.com/akempes/angular-rateit/issues' },
21 silly publish   homepage: 'https://github.com/akempes/angular-rateit#readme',
21 silly publish   _id: 'angular-rateit@4.0.2',
21 silly publish   _shasum: 'd0a8768b71859b89c063582a287affd59deebbb8',
21 silly publish   _from: '.' }
22 verbose getPublishConfig undefined
23 silly mapToRegistry name angular-rateit
24 silly mapToRegistry using default registry
25 silly mapToRegistry registry https://registry.npmjs.org/
26 silly mapToRegistry data Result {
26 silly mapToRegistry   raw: 'angular-rateit',
26 silly mapToRegistry   scope: null,
26 silly mapToRegistry   name: 'angular-rateit',
26 silly mapToRegistry   rawSpec: '',
26 silly mapToRegistry   spec: 'latest',
26 silly mapToRegistry   type: 'tag' }
27 silly mapToRegistry uri https://registry.npmjs.org/angular-rateit
28 verbose publish registryBase https://registry.npmjs.org/
29 silly publish uploading /Users/yohaanyoon/.npm/angular-rateit/4.0.2/package.tgz
30 verbose request uri https://registry.npmjs.org/angular-rateit
31 verbose request sending authorization for write operation
32 info attempt registry request try #1 at 11:02:33
33 verbose request using bearer token for auth
34 verbose request id b76ca0fb4d5f5bb4
35 http request PUT https://registry.npmjs.org/angular-rateit
36 http 403 https://registry.npmjs.org/angular-rateit
37 verbose headers { 'content-type': 'application/json',
37 verbose headers   'cache-control': 'max-age=300',
37 verbose headers   'content-length': '93',
37 verbose headers   'accept-ranges': 'bytes',
37 verbose headers   date: 'Fri, 04 May 2018 02:02:37 GMT',
37 verbose headers   via: '1.1 varnish',
37 verbose headers   connection: 'keep-alive',
37 verbose headers   'x-served-by': 'cache-hkg17928-HKG',
37 verbose headers   'x-cache': 'MISS',
37 verbose headers   'x-cache-hits': '0',
37 verbose headers   'x-timer': 'S1525399356.043032,VS0,VE1340',
37 verbose headers   vary: 'Accept-Encoding, Accept' }
38 verbose request invalidating /Users/yohaanyoon/.npm/registry.npmjs.org/angular-rateit on PUT
39 error publish Failed PUT 403
40 verbose stack Error: You cannot publish over the previously published versions: 4.0.2. : angular-rateit
40 verbose stack     at makeError (/usr/local/lib/node_modules/npm/node_modules/npm-registry-client/lib/request.js:264:12)
40 verbose stack     at CachingRegistryClient.<anonymous> (/usr/local/lib/node_modules/npm/node_modules/npm-registry-client/lib/request.js:252:14)
40 verbose stack     at Request._callback (/usr/local/lib/node_modules/npm/node_modules/npm-registry-client/lib/request.js:172:14)
40 verbose stack     at Request.self.callback (/usr/local/lib/node_modules/npm/node_modules/request/request.js:199:22)
40 verbose stack     at emitTwo (events.js:106:13)
40 verbose stack     at Request.emit (events.js:191:7)
40 verbose stack     at Request.<anonymous> (/usr/local/lib/node_modules/npm/node_modules/request/request.js:1036:10)
40 verbose stack     at emitOne (events.js:101:20)
40 verbose stack     at Request.emit (events.js:188:7)
40 verbose stack     at IncomingMessage.<anonymous> (/usr/local/lib/node_modules/npm/node_modules/request/request.js:963:12)
41 verbose statusCode 403
42 verbose pkgid angular-rateit
43 verbose cwd /Users/yohaanyoon/classting/test/angular-rateit
44 error Darwin 16.7.0
45 error argv "/usr/local/Cellar/node/9.4.0/bin/node" "/usr/local/bin/npm" "publish"
46 error node v6.0.0
47 error npm  v3.8.6
48 error code E403
49 error You cannot publish over the previously published versions: 4.0.2. : angular-rateit
50 error If you need help, you may report this error at:
50 error     <https://github.com/npm/npm/issues>
51 verbose exit [ 1, true ]
